Stacking mode: AA (no displacement)
Pivot point: empty center of hexagonal cell
Angle in degrees:    1.29718904759336281154051036908333630      
  Number of AB points:           28
  Number of AA points:            0
Angle in degrees:    1.24824246552648932880886254419818347      
  Number of AB points:           28
  Number of AA points:            0
Angle in degrees:    1.20285522748101138213164900568154043      
  Number of AB points:           26
  Number of AA points:            0
Angle in degrees:    1.16065271985219651828772011590941000      
  Number of AB points:           22
  Number of AA points:            0
Angle in degrees:    1.12131111538168953558641123578882270      
  Number of AB points:           18
  Number of AA points:            0
Angle in degrees:    1.08454904915779726889426395345870317      
  Number of AB points:           16
  Number of AA points:            0
Angle in degrees:    1.05012087979441192443260906632013628      
  Number of AB points:           16
  Number of AA points:            0
Angle in degrees:    1.01781119444649537778850980872831256      
  Number of AB points:           16
  Number of AA points:            0
Angle in degrees:   0.987430297813789006858473238649844792      
  Number of AB points:           16
  Number of AA points:            0
Angle in degrees:   0.958810485524678740131812259581455903      
  Number of AB points:           16
  Number of AA points:            0
Angle in degrees:   0.931802947264119454310052300500944949      
  Number of AB points:           16
  Number of AA points:            0

Stacking mode: AB (Bernal stacking)
Pivot point: empty center of hexagonal cell
Angle in degrees:    1.29718904759336281154051036908333630      
  Number of AB points:            0
  Number of AA points:           14
Angle in degrees:    1.24824246552648932880886254419818347      
  Number of AB points:            0
  Number of AA points:           14
Angle in degrees:    1.20285522748101138213164900568154043      
  Number of AB points:            0
  Number of AA points:           13
Angle in degrees:    1.16065271985219651828772011590941000      
  Number of AB points:            0
  Number of AA points:           11
Angle in degrees:    1.12131111538168953558641123578882270      
  Number of AB points:            0
  Number of AA points:           10
Angle in degrees:    1.08454904915779726889426395345870317      
  Number of AB points:            0
  Number of AA points:            8
Angle in degrees:    1.05012087979441192443260906632013628      
  Number of AB points:            0
  Number of AA points:            8
Angle in degrees:    1.01781119444649537778850980872831256      
  Number of AB points:            0
  Number of AA points:            8
Angle in degrees:   0.987430297813789006858473238649844792      
  Number of AB points:            0
  Number of AA points:            8
Angle in degrees:   0.958810485524678740131812259581455903      
  Number of AB points:            0
  Number of AA points:            8
Angle in degrees:   0.931802947264119454310052300500944949      
  Number of AB points:            0
  Number of AA points:            8

Stacking mode: AA (no displacement)
Pivot point: node at origin
Angle in degrees:    1.29718904759336281154051036908333630      
  Number of AB points:            0
  Number of AA points:           11
Angle in degrees:    1.24824246552648932880886254419818347      
  Number of AB points:            0
  Number of AA points:           11
Angle in degrees:    1.20285522748101138213164900568154043      
  Number of AB points:            0
  Number of AA points:           11
Angle in degrees:    1.16065271985219651828772011590941000      
  Number of AB points:            0
  Number of AA points:            7
Angle in degrees:    1.12131111538168953558641123578882270      
  Number of AB points:            0
  Number of AA points:            7
Angle in degrees:    1.08454904915779726889426395345870317      
  Number of AB points:            0
  Number of AA points:            7
Angle in degrees:    1.05012087979441192443260906632013628      
  Number of AB points:            0
  Number of AA points:            7
Angle in degrees:    1.01781119444649537778850980872831256      
  Number of AB points:            0
  Number of AA points:            7
Angle in degrees:   0.987430297813789006858473238649844792      
  Number of AB points:            0
  Number of AA points:            7
Angle in degrees:   0.958810485524678740131812259581455903      
  Number of AB points:            0
  Number of AA points:            7
Angle in degrees:   0.931802947264119454310052300500944949      
  Number of AB points:            0
  Number of AA points:            7

Stacking mode: AB (Bernal stacking)
Pivot point: node at origin
Angle in degrees:    1.29718904759336281154051036908333630      
  Number of AB points:           25
  Number of AA points:            0
Angle in degrees:    1.24824246552648932880886254419818347      
  Number of AB points:           25
  Number of AA points:            0
Angle in degrees:    1.20285522748101138213164900568154043      
  Number of AB points:           25
  Number of AA points:            0
Angle in degrees:    1.16065271985219651828772011590941000      
  Number of AB points:           17
  Number of AA points:            0
Angle in degrees:    1.12131111538168953558641123578882270      
  Number of AB points:           15
  Number of AA points:            0
Angle in degrees:    1.08454904915779726889426395345870317      
  Number of AB points:           15
  Number of AA points:            0
Angle in degrees:    1.05012087979441192443260906632013628      
  Number of AB points:           15
  Number of AA points:            0
Angle in degrees:    1.01781119444649537778850980872831256      
  Number of AB points:           15
  Number of AA points:            0
Angle in degrees:   0.987430297813789006858473238649844792      
  Number of AB points:           15
  Number of AA points:            0
Angle in degrees:   0.958810485524678740131812259581455903      
  Number of AB points:           15
  Number of AA points:            0
Angle in degrees:   0.931802947264119454310052300500944949      
  Number of AB points:           15
  Number of AA points:            0
